01-19-2017 @ 17:07:25 - Queuing 2.6.0 - wc_update_260_options
01-19-2017 @ 17:07:25 - Queuing 2.6.0 - wc_update_260_termmeta
01-19-2017 @ 17:07:25 - Queuing 2.6.0 - wc_update_260_zones
01-19-2017 @ 17:07:25 - Queuing 2.6.0 - wc_update_260_zone_methods
01-19-2017 @ 17:07:25 - Queuing 2.6.0 - wc_update_260_refunds
01-19-2017 @ 17:07:25 - Queuing 2.6.0 - wc_update_260_db_version
01-19-2017 @ 17:07:26 - Running wc_update_260_options callback
01-19-2017 @ 17:07:26 - Finished wc_update_260_options callback
01-19-2017 @ 17:07:26 - Running wc_update_260_termmeta callback
01-19-2017 @ 17:07:26 - Finished wc_update_260_termmeta callback
01-19-2017 @ 17:07:26 - Running wc_update_260_zones callback
01-19-2017 @ 17:07:26 - Finished wc_update_260_zones callback
01-19-2017 @ 17:07:26 - Running wc_update_260_zone_methods callback
01-19-2017 @ 17:07:26 - Finished wc_update_260_zone_methods callback
01-19-2017 @ 17:07:26 - Running wc_update_260_refunds callback
01-19-2017 @ 17:07:26 - Finished wc_update_260_refunds callback
01-19-2017 @ 17:07:26 - Running wc_update_260_db_version callback
01-19-2017 @ 17:07:26 - Finished wc_update_260_db_version callback
01-19-2017 @ 17:07:26 - Data update complete
2017-11-21T07:40:24+00:00 INFO Queuing 3.1.2 - wc_update_312_shop_manager_capabilities
2017-11-21T07:40:24+00:00 INFO Queuing 3.1.2 - wc_update_312_db_version
2017-11-21T07:40:24+00:00 INFO Queuing 3.2.0 - wc_update_320_mexican_states
2017-11-21T07:40:24+00:00 INFO Queuing 3.2.0 - wc_update_320_db_version
2017-11-21T07:40:25+00:00 INFO Running wc_update_312_shop_manager_capabilities callback
2017-11-21T07:40:25+00:00 INFO Finished wc_update_312_shop_manager_capabilities callback
2017-11-21T07:40:25+00:00 INFO Running wc_update_312_db_version callback
2017-11-21T07:40:25+00:00 INFO Finished wc_update_312_db_version callback
2017-11-21T07:40:25+00:00 INFO Running wc_update_320_mexican_states callback
2017-11-21T07:40:25+00:00 INFO Finished wc_update_320_mexican_states callback
2017-11-21T07:40:25+00:00 INFO Running wc_update_320_db_version callback
2017-11-21T07:40:25+00:00 INFO Finished wc_update_320_db_version callback
2017-11-21T07:40:25+00:00 INFO Data update complete
